63
0.785398
0.883573
0.883573
1.325359
-0.147262
0.753980
0.343612
0.049087
0.049087
0.049087
0.049087
0.049087
0.049087
0.049087
25.600000
25.600000
25.600000
25.600000
25.600000
25.600000
25.600000
0.785398
0.883573
0.883573
1.325359
-0.147262
0.753980
0.343612
0.785398
0.883573
0.834486
1.276272
-0.098175
0.803067
0.343612
0.736311
0.834486
0.785398
1.276272
-0.147262
0.753980
0.294525
0.687223
0.785398
0.736311
1.276272
-0.196349
0.704893
0.343612
0.687223
0.834486
0.687223
1.227184
-0.245437
0.655805
0.392699
0.638136
0.834486
0.736311
1.276272
-0.294524
0.704893
0.392699
0.589048
0.785398
0.736311
1.227184
-0.245437
0.753980
0.392699
0.539961
0.736311
0.736311
1.276272
-0.245437
0.803067
0.343612
0.490874
0.785398
0.785398
1.325359
-0.196349
0.852155
0.343612
0.441786
0.834486
0.834486
1.276272
-0.245437
0.803067
0.294525
0.441786
0.883573
0.785398
1.227184
-0.294524
0.753980
0.294525
0.392699
0.834486
0.785398
1.227184
-0.294524
0.753980
0.245437
0.392699
0.883573
0.785398
1.227184
-0.343612
0.753980
0.294525
0.392699
0.883573
0.736311
1.227184
-0.343612
0.704893
0.294525
0.343612
0.883573
0.687223
1.178097
-0.392699
0.655805
0.245437
0.294524
0.932660
0.687223
1.129009
-0.343612
0.655805
0.245437
0.294524
0.932660
0.687223
1.079922
-0.343612
0.704893
0.294525
0.245437
0.883573
0.687223
1.030835
-0.343612
0.753980
0.294525
0.245437
0.834486
0.638136
1.079922
-0.294524
0.753980
0.245437
0.196349
0.834486
0.687223
1.079922
-0.343612
0.803067
0.245437
0.147262
0.834486
0.687223
1.030835
-0.294524
0.753980
0.294525
0.098175
0.834486
0.638136
1.030835
-0.343612
0.803067
0.294525
0.098175
0.834486
0.638136
1.079922
-0.392699
0.803067
0.343612
0.098175
0.834486
0.589049
1.129009
-0.441786
0.753980
0.294525
0.147262
0.785398
0.539961
1.178097
-0.441786
0.753980
0.343612
0.098175
0.785398
0.490874
1.129009
-0.490874
0.803067
0.294525
0.098175
0.834486
0.441787
1.079922
-0.441786
0.803067
0.343612
0.098175
0.785398
0.441787
1.129009
-0.392699
0.852155
0.294525
0.049087
0.736311
0.490874
1.178097
-0.343612
0.901242
0.245437
-0.000000
0.736311
0.539961
1.178097
-0.343612
0.950330
0.294525
-0.049088
0.687223
0.539961
1.227184
-0.343612
0.950330
0.294525
-0.098175
0.687223
0.539961
1.227184
-0.392699
0.999417
0.343612
-0.147262
0.638136
0.490874
1.227184
-0.392699
1.048504
0.343612
-0.196350
0.589049
0.441787
1.276272
-0.343612
1.048504
0.343612
-0.245437
0.638136
0.441787
1.227184
-0.343612
1.097592
0.392699
-0.245437
0.687223
0.392699
1.276272
-0.343612
1.048504
0.441787
-0.294524
0.736311
0.441787
1.227184
-0.294524
1.048504
0.441787
-0.294524
0.785398
0.441787
1.227184
-0.343612
0.999417
0.441787
-0.294524
0.834486
0.441787
1.227184
-0.294524
0.999417
0.392699
-0.294524
0.883573
0.392699
1.178097
-0.245437
0.950330
0.392699
-0.343612
0.932660
0.441787
1.129009
-0.196349
0.999417
0.441787
-0.294524
0.981748
0.392699
1.079922
-0.147262
0.999417
0.441787
-0.343612
1.030835
0.441787
1.129009
-0.196349
0.999417
0.392699
-0.294524
0.981748
0.490874
1.129009
-0.147262
0.950330
0.441787
-0.343612
1.030835
0.441787
1.129009
-0.147262
0.950330
0.392699
-0.294524
0.981748
0.490874
1.129009
-0.196349
0.950330
0.392699
-0.343612
1.030835
0.441787
1.129009
-0.245437
0.901242
0.392699
-0.294524
1.079923
0.490874
1.079922
-0.245437
0.901242
0.392699
-0.245437
1.079923
0.441787
1.129009
-0.294524
0.901242
0.441787
-0.294524
1.079923
0.392699
1.079922
-0.245437
0.950330
0.392699
-0.294524
1.129010
0.441787
1.030835
-0.294524
0.950330
0.392699
-0.245437
1.178097
0.392699
1.030835
-0.294524
0.901242
0.392699
-0.245437
1.227185
0.343612
1.030835
-0.245437
0.901242
0.392699
-0.245437
1.276272
0.343612
0.981747
-0.245437
0.852155
0.343612
-0.196350
1.276272
0.294524
0.981747
-0.245437
0.852155
0.343612
-0.245437
1.227185
0.245437
0.932660
-0.245437
0.901242
0.343612
-0.196350
1.276272
0.294524
0.932660
-0.245437
0.901242
0.294525
-0.245437
1.325359
0.343612
0.883573
-0.196349
0.852155
0.294525
-0.245437
1.374447
0.343612
0.883573
-0.245437
0.803067
0.343612
-0.196350
1.423534
0.392699
0.883573
-0.294524
0.753980
0.392699
-0.196350
1.374447
0.343612
0.883573
-0.343612
0.753980
0.441787
-0.147262
1.374447
0.294524
0.932660
-0.392699
0.704893
0.490874
-0.196350
1.423534
0.343612
0.932660
-0.343612
0.655805
0.490874
-0.245437
1.472622
0.392699
0.932660
-0.392699
0.704893
0.539962
